<?xml version="1.0" encoding="UTF-8"?>
<!-- Generated by org.testng.reporters.JUnitXMLReporter -->
<testsuite hostname="anurags-MacBook-Air.local" ignored="0" name="Default test" tests="1" failures="0" timestamp="28 Jul 2017 00:53:17 GMT" time="47.023" errors="0">
  <testcase name="@AfterMethod TearDown" time="0.001" classname="com.facebook.testbase.TestBase">
    <skipped/>
  </testcase> <!-- @AfterMethod TearDown -->
  <testcase name="TestFacebookFriends" time="40.118" classname="com.facebook.test.Facebook_Test"/>
</testsuite> <!-- Default test -->
